// Query Execution Plan
digraph {
	"Hash Join" [label="Hash Join
Parallel Aware: False, Async Capable: False, Join Type: Inner, Startup Cost: 13.82, Total Cost: 5517.39, Plan Rows: 150000, Plan Width: 593, Actual Startup Time: 0.152, Actual Total Time: 59.959, Actual Rows: 150000, Actual Loops: 1, Inner Unique: True, Hash Cond: (customer.c_nationkey = nation.n_nationkey), Shared Hit Blocks: 3601, Shared Read Blocks: 0, Shared Dirtied Blocks: 0, Shared Written Blocks: 0, Local Hit Blocks: 0, Local Read Blocks: 0, Local Dirtied Blocks: 0, Local Written Blocks: 0, Temp Read Blocks: 0, Temp Written Blocks: 0, WAL Records: 0, WAL FPI: 0, WAL Bytes: 0"]
	"Seq Scan" [label="Seq Scan
Parent Relationship: Outer, Parallel Aware: False, Async Capable: False, Relation Name: customer, Alias: customer, Startup Cost: 0.0, Total Cost: 5100.0, Plan Rows: 150000, Plan Width: 159, Actual Startup Time: 0.015, Actual Total Time: 16.033, Actual Rows: 150000, Actual Loops: 1, Shared Hit Blocks: 3600, Shared Read Blocks: 0, Shared Dirtied Blocks: 0, Shared Written Blocks: 0, Local Hit Blocks: 0, Local Read Blocks: 0, Local Dirtied Blocks: 0, Local Written Blocks: 0, Temp Read Blocks: 0, Temp Written Blocks: 0, WAL Records: 0, WAL FPI: 0, WAL Bytes: 0"]
	"Hash Join" -> "Seq Scan"
	"Seq Scan" [label="Seq Scan
Parent Relationship: Outer, Parallel Aware: False, Async Capable: False, Relation Name: customer, Alias: customer, Startup Cost: 0.0, Total Cost: 5100.0, Plan Rows: 150000, Plan Width: 159, Actual Startup Time: 0.015, Actual Total Time: 16.033, Actual Rows: 150000, Actual Loops: 1, Shared Hit Blocks: 3600, Shared Read Blocks: 0, Shared Dirtied Blocks: 0, Shared Written Blocks: 0, Local Hit Blocks: 0, Local Read Blocks: 0, Local Dirtied Blocks: 0, Local Written Blocks: 0, Temp Read Blocks: 0, Temp Written Blocks: 0, WAL Records: 0, WAL FPI: 0, WAL Bytes: 0"]
	Hash [label="Hash
Parent Relationship: Inner, Parallel Aware: False, Async Capable: False, Startup Cost: 11.7, Total Cost: 11.7, Plan Rows: 170, Plan Width: 434, Actual Startup Time: 0.091, Actual Total Time: 0.093, Actual Rows: 25, Actual Loops: 1, Hash Buckets: 1024, Original Hash Buckets: 1024, Hash Batches: 1, Original Hash Batches: 1, Peak Memory Usage: 12, Shared Hit Blocks: 1, Shared Read Blocks: 0, Shared Dirtied Blocks: 0, Shared Written Blocks: 0, Local Hit Blocks: 0, Local Read Blocks: 0, Local Dirtied Blocks: 0, Local Written Blocks: 0, Temp Read Blocks: 0, Temp Written Blocks: 0, WAL Records: 0, WAL FPI: 0, WAL Bytes: 0"]
	"Hash Join" -> Hash
	Hash [label="Hash
Parent Relationship: Inner, Parallel Aware: False, Async Capable: False, Startup Cost: 11.7, Total Cost: 11.7, Plan Rows: 170, Plan Width: 434, Actual Startup Time: 0.091, Actual Total Time: 0.093, Actual Rows: 25, Actual Loops: 1, Hash Buckets: 1024, Original Hash Buckets: 1024, Hash Batches: 1, Original Hash Batches: 1, Peak Memory Usage: 12, Shared Hit Blocks: 1, Shared Read Blocks: 0, Shared Dirtied Blocks: 0, Shared Written Blocks: 0, Local Hit Blocks: 0, Local Read Blocks: 0, Local Dirtied Blocks: 0, Local Written Blocks: 0, Temp Read Blocks: 0, Temp Written Blocks: 0, WAL Records: 0, WAL FPI: 0, WAL Bytes: 0"]
	"Seq Scan" [label="Seq Scan
Parent Relationship: Outer, Parallel Aware: False, Async Capable: False, Relation Name: nation, Alias: nation, Startup Cost: 0.0, Total Cost: 11.7, Plan Rows: 170, Plan Width: 434, Actual Startup Time: 0.008, Actual Total Time: 0.012, Actual Rows: 25, Actual Loops: 1, Shared Hit Blocks: 1, Shared Read Blocks: 0, Shared Dirtied Blocks: 0, Shared Written Blocks: 0, Local Hit Blocks: 0, Local Read Blocks: 0, Local Dirtied Blocks: 0, Local Written Blocks: 0, Temp Read Blocks: 0, Temp Written Blocks: 0, WAL Records: 0, WAL FPI: 0, WAL Bytes: 0"]
	Hash -> "Seq Scan"
	"Seq Scan" [label="Seq Scan
Parent Relationship: Outer, Parallel Aware: False, Async Capable: False, Relation Name: nation, Alias: nation, Startup Cost: 0.0, Total Cost: 11.7, Plan Rows: 170, Plan Width: 434, Actual Startup Time: 0.008, Actual Total Time: 0.012, Actual Rows: 25, Actual Loops: 1, Shared Hit Blocks: 1, Shared Read Blocks: 0, Shared Dirtied Blocks: 0, Shared Written Blocks: 0, Local Hit Blocks: 0, Local Read Blocks: 0, Local Dirtied Blocks: 0, Local Written Blocks: 0, Temp Read Blocks: 0, Temp Written Blocks: 0, WAL Records: 0, WAL FPI: 0, WAL Bytes: 0"]
}
